Warning: invalid end coordinate at line:
3	ensembl exon	151126591	151126816	.	+	.	gene_id "ENSRNOG00000018997"; gene_version "5"; transcript_id "ENSRNOT00000025859_exonskipped"; transcript_version "4"; exon_number "1"; gene_name "Myh7b_exonskipped"; gene_source "ensembl"; gene_biotype "protein_coding"; transcript_name "Myh7b-201"; transcript_source "ensembl"; transcript_biotype "protein_coding"; exon_id "ENSRNOE00000336400"; exon_version "3";
Warning: invalid end coordinate at line:
3	ensembl CDS	151126726	151126816	.	+	0	gene_id "ENSRNOG00000018997"; gene_version "5"; transcript_id "ENSRNOT00000025859_exonskipped"; transcript_version "4"; exon_number "1"; gene_name "Myh7b_exonskipped"; gene_source "ensembl"; gene_biotype "protein_coding"; transcript_name "Myh7b-201"; transcript_source "ensembl"; transcript_biotype "protein_coding"; protein_id "ENSRNOP00000025859"; protein_version "4";
Warning: invalid end coordinate at line:
3	ensembl start_codon	151126726	151126728	.	+	0	gene_id "ENSRNOG00000018997"; gene_version "5"; transcript_id "ENSRNOT00000025859_exonskipped"; transcript_version "4"; exon_number "1"; gene_name "Myh7b_exonskipped"; gene_source "ensembl"; gene_biotype "protein_coding"; transcript_name "Myh7b-201"; transcript_source "ensembl"; transcript_biotype "protein_coding";
Warning: invalid end coordinate at line:
3	ensembl exon	151128285	151128391	.	+	.	gene_id "ENSRNOG00000018997"; gene_version "5"; transcript_id "ENSRNOT00000025859_exonskipped"; transcript_version "4"; exon_number "2"; gene_name "Myh7b_exonskipped"; gene_source "ensembl"; gene_biotype "protein_coding"; transcript_name "Myh7b-201"; transcript_source "ensembl"; transcript_biotype "protein_coding"; exon_id "ENSRNOE00000249574"; exon_version "1";
Warning: invalid end coordinate at line:
3	ensembl CDS	151128285	151128391	.	+	2	gene_id "ENSRNOG00000018997"; gene_version "5"; transcript_id "ENSRNOT00000025859_exonskipped"; transcript_version "4"; exon_number "2"; gene_name "Myh7b_exonskipped"; gene_source "ensembl"; gene_biotype "protein_coding"; transcript_name "Myh7b-201"; transcript_source "ensembl"; transcript_biotype "protein_coding"; protein_id "ENSRNOP00000025859"; protein_version "4";
Warning: invalid end coordinate at line:
3	ensembl exon	151128568	151128711	.	+	.	gene_id "ENSRNOG00000018997"; gene_version "5"; transcript_id "ENSRNOT00000025859_exonskipped"; transcript_version "4"; exon_number "3"; gene_name "Myh7b_exonskipped"; gene_source "ensembl"; gene_biotype "protein_coding"; transcript_name "Myh7b-201"; transcript_source "ensembl"; transcript_biotype "protein_coding"; exon_id "ENSRNOE00000183965"; exon_version "1";
Warning: invalid end coordinate at line:
3	ensembl CDS	151128568	151128711	.	+	0	gene_id "ENSRNOG00000018997"; gene_version "5"; transcript_id "ENSRNOT00000025859_exonskipped"; transcript_version "4"; exon_number "3"; gene_name "Myh7b_exonskipped"; gene_source "ensembl"; gene_biotype "protein_coding"; transcript_name "Myh7b-201"; transcript_source "ensembl"; transcript_biotype "protein_coding"; protein_id "ENSRNOP00000025859"; protein_version "4";
Warning: invalid end coordinate at line:
3	ensembl exon	151129160	151129316	.	+	.	gene_id "ENSRNOG00000018997"; gene_version "5"; transcript_id "ENSRNOT00000025859_exonskipped"; transcript_version "4"; exon_number "4"; gene_name "Myh7b_exonskipped"; gene_source "ensembl"; gene_biotype "protein_coding"; transcript_name "Myh7b-201"; transcript_source "ensembl"; transcript_biotype "protein_coding"; exon_id "ENSRNOE00000183978"; exon_version "1";
Warning: invalid end coordinate at line:
3	ensembl CDS	151129160	151129316	.	+	0	gene_id "ENSRNOG00000018997"; gene_version "5"; transcript_id "ENSRNOT00000025859_exonskipped"; transcript_version "4"; exon_number "4"; gene_name "Myh7b_exonskipped"; gene_source "ensembl"; gene_biotype "protein_coding"; transcript_name "Myh7b-201"; transcript_source "ensembl"; transcript_biotype "protein_coding"; protein_id "ENSRNOP00000025859"; protein_version "4";
Warning: invalid end coordinate at line:
3	ensembl exon	151129576	151129603	.	+	.	gene_id "ENSRNOG00000018997"; gene_version "5"; transcript_id "ENSRNOT00000025859_exonskipped"; transcript_version "4"; exon_number "5"; gene_name "Myh7b_exonskipped"; gene_source "ensembl"; gene_biotype "protein_coding"; transcript_name "Myh7b-201"; transcript_source "ensembl"; transcript_biotype "protein_coding"; exon_id "ENSRNOE00000184002"; exon_version "1";
Warning: invalid end coordinate at line:
3	ensembl CDS	151129576	151129603	.	+	2	gene_id "ENSRNOG00000018997"; gene_version "5"; transcript_id "ENSRNOT00000025859_exonskipped"; transcript_version "4"; exon_number "5"; gene_name "Myh7b_exonskipped"; gene_source "ensembl"; gene_biotype "protein_coding"; transcript_name "Myh7b-201"; transcript_source "ensembl"; transcript_biotype "protein_coding"; protein_id "ENSRNOP00000025859"; protein_version "4";
Warning: invalid end coordinate at line:
3	ensembl exon	151132305	151132328	.	+	.	gene_id "ENSRNOG00000018997"; gene_version "5"; transcript_id "ENSRNOT00000025859_exonskipped"; transcript_version "4"; exon_number "6"; gene_name "Myh7b_exonskipped"; gene_source "ensembl"; gene_biotype "protein_coding"; transcript_name "Myh7b-201"; transcript_source "ensembl"; transcript_biotype "protein_coding"; exon_id "ENSRNOE00000249502"; exon_version "1";
Warning: invalid end coordinate at line:
3	ensembl CDS	151132305	151132328	.	+	0	gene_id "ENSRNOG00000018997"; gene_version "5"; transcript_id "ENSRNOT00000025859_exonskipped"; transcript_version "4"; exon_number "6"; gene_name "Myh7b_exonskipped"; gene_source "ensembl"; gene_biotype "protein_coding"; transcript_name "Myh7b-201"; transcript_source "ensembl"; transcript_biotype "protein_coding"; protein_id "ENSRNOP00000025859"; protein_version "4";
Warning: invalid end coordinate at line:
3	ensembl exon	151132447	151132539	.	+	.	gene_id "ENSRNOG00000018997"; gene_version "5"; transcript_id "ENSRNOT00000025859_exonskipped"; transcript_version "4"; exon_number "7"; gene_name "Myh7b_exonskipped"; gene_source "ensembl"; gene_biotype "protein_coding"; transcript_name "Myh7b-201"; transcript_source "ensembl"; transcript_biotype "protein_coding"; exon_id "ENSRNOE00000184045"; exon_version "1";
Warning: invalid end coordinate at line:
3	ensembl CDS	151132447	151132539	.	+	0	gene_id "ENSRNOG00000018997"; gene_version "5"; transcript_id "ENSRNOT00000025859_exonskipped"; transcript_version "4"; exon_number "7"; gene_name "Myh7b_exonskipped"; gene_source "ensembl"; gene_biotype "protein_coding"; transcript_name "Myh7b-201"; transcript_source "ensembl"; transcript_biotype "protein_coding"; protein_id "ENSRNOP00000025859"; protein_version "4";
Warning: invalid end coordinate at line:
3	ensembl exon	151132663	151132726	.	+	.	gene_id "ENSRNOG00000018997"; gene_version "5"; transcript_id "ENSRNOT00000025859_exonskipped"; transcript_version "4"; exon_number "8"; gene_name "Myh7b_exonskipped"; gene_source "ensembl"; gene_biotype "protein_coding"; transcript_name "Myh7b-201"; transcript_source "ensembl"; transcript_biotype "protein_coding"; exon_id "ENSRNOE00000184063"; exon_version "1";
Warning: invalid end coordinate at line:
3	ensembl CDS	151132663	151132726	.	+	0	gene_id "ENSRNOG00000018997"; gene_version "5"; transcript_id "ENSRNOT00000025859_exonskipped"; transcript_version "4"; exon_number "8"; gene_name "Myh7b_exonskipped"; gene_source "ensembl"; gene_biotype "protein_coding"; transcript_name "Myh7b-201"; transcript_source "ensembl"; transcript_biotype "protein_coding"; protein_id "ENSRNOP00000025859"; protein_version "4";
Warning: invalid end coordinate at line:
3	ensembl exon	151133382	151133480	.	+	.	gene_id "ENSRNOG00000018997"; gene_version "5"; transcript_id "ENSRNOT00000025859_exonskipped"; transcript_version "4"; exon_number "9"; gene_name "Myh7b_exonskipped"; gene_source "ensembl"; gene_biotype "protein_coding"; transcript_name "Myh7b-201"; transcript_source "ensembl"; transcript_biotype "protein_coding"; exon_id "ENSRNOE00000184106"; exon_version "1";
Warning: invalid end coordinate at line:
3	ensembl CDS	151133382	151133480	.	+	2	gene_id "ENSRNOG00000018997"; gene_version "5"; transcript_id "ENSRNOT00000025859_exonskipped"; transcript_version "4"; exon_number "9"; gene_name "Myh7b_exonskipped"; gene_source "ensembl"; gene_biotype "protein_coding"; transcript_name "Myh7b-201"; transcript_source "ensembl"; transcript_biotype "protein_coding"; protein_id "ENSRNOP00000025859"; protein_version "4";
Warning: invalid end coordinate at line:
3	ensembl exon	151134943	151135046	.	+	.	gene_id "ENSRNOG00000018997"; gene_version "5"; transcript_id "ENSRNOT00000025859_exonskipped"; transcript_version "4"; exon_number "10"; gene_name "Myh7b_exonskipped"; gene_source "ensembl"; gene_biotype "protein_coding"; transcript_name "Myh7b-201"; transcript_source "ensembl"; transcript_biotype "protein_coding"; exon_id "ENSRNOE00000184152"; exon_version "1";
Warning: invalid end coordinate at line:
3	ensembl CDS	151134943	151135046	.	+	2	gene_id "ENSRNOG00000018997"; gene_version "5"; transcript_id "ENSRNOT00000025859_exonskipped"; transcript_version "4"; exon_number "10"; gene_name "Myh7b_exonskipped"; gene_source "ensembl"; gene_biotype "protein_coding"; transcript_name "Myh7b-201"; transcript_source "ensembl"; transcript_biotype "protein_coding"; protein_id "ENSRNOP00000025859"; protein_version "4";
Warning: invalid end coordinate at line:
3	ensembl exon	151135210	151135348	.	+	.	gene_id "ENSRNOG00000018997"; gene_version "5"; transcript_id "ENSRNOT00000025859_exonskipped"; transcript_version "4"; exon_number "11"; gene_name "Myh7b_exonskipped"; gene_source "ensembl"; gene_biotype "protein_coding"; transcript_name "Myh7b-201"; transcript_source "ensembl"; transcript_biotype "protein_coding"; exon_id "ENSRNOE00000184198"; exon_version "1";
Warning: invalid end coordinate at line:
3	ensembl CDS	151135210	151135348	.	+	0	gene_id "ENSRNOG00000018997"; gene_version "5"; transcript_id "ENSRNOT00000025859_exonskipped"; transcript_version "4"; exon_number "11"; gene_name "Myh7b_exonskipped"; gene_source "ensembl"; gene_biotype "protein_coding"; transcript_name "Myh7b-201"; transcript_source "ensembl"; transcript_biotype "protein_coding"; protein_id "ENSRNOP00000025859"; protein_version "4";
Warning: invalid end coordinate at line:
3	ensembl exon	151135610	151135728	.	+	.	gene_id "ENSRNOG00000018997"; gene_version "5"; transcript_id "ENSRNOT00000025859_exonskipped"; transcript_version "4"; exon_number "12"; gene_name "Myh7b_exonskipped"; gene_source "ensembl"; gene_biotype "protein_coding"; transcript_name "Myh7b-201"; transcript_source "ensembl"; transcript_biotype "protein_coding"; exon_id "ENSRNOE00000184237"; exon_version "1";
Warning: invalid end coordinate at line:
3	ensembl CDS	151135610	151135728	.	+	2	gene_id "ENSRNOG00000018997"; gene_version "5"; transcript_id "ENSRNOT00000025859_exonskipped"; transcript_version "4"; exon_number "12"; gene_name "Myh7b_exonskipped"; gene_source "ensembl"; gene_biotype "protein_coding"; transcript_name "Myh7b-201"; transcript_source "ensembl"; transcript_biotype "protein_coding"; protein_id "ENSRNOP00000025859"; protein_version "4";
Warning: invalid end coordinate at line:
3	ensembl exon	151135822	151135971	.	+	.	gene_id "ENSRNOG00000018997"; gene_version "5"; transcript_id "ENSRNOT00000025859_exonskipped"; transcript_version "4"; exon_number "13"; gene_name "Myh7b_exonskipped"; gene_source "ensembl"; gene_biotype "protein_coding"; transcript_name "Myh7b-201"; transcript_source "ensembl"; transcript_biotype "protein_coding"; exon_id "ENSRNOE00000184278"; exon_version "1";
Warning: invalid end coordinate at line:
3	ensembl CDS	151135822	151135971	.	+	0	gene_id "ENSRNOG00000018997"; gene_version "5"; transcript_id "ENSRNOT00000025859_exonskipped"; transcript_version "4"; exon_number "13"; gene_name "Myh7b_exonskipped"; gene_source "ensembl"; gene_biotype "protein_coding"; transcript_name "Myh7b-201"; transcript_source "ensembl"; transcript_biotype "protein_coding"; protein_id "ENSRNOP00000025859"; protein_version "4";
Warning: invalid end coordinate at line:
3	ensembl exon	151136136	151136306	.	+	.	gene_id "ENSRNOG00000018997"; gene_version "5"; transcript_id "ENSRNOT00000025859_exonskipped"; transcript_version "4"; exon_number "14"; gene_name "Myh7b_exonskipped"; gene_source "ensembl"; gene_biotype "protein_coding"; transcript_name "Myh7b-201"; transcript_source "ensembl"; transcript_biotype "protein_coding"; exon_id "ENSRNOE00000184309"; exon_version "1";
Warning: invalid end coordinate at line:
3	ensembl CDS	151136136	151136306	.	+	0	gene_id "ENSRNOG00000018997"; gene_version "5"; transcript_id "ENSRNOT00000025859_exonskipped"; transcript_version "4"; exon_number "14"; gene_name "Myh7b_exonskipped"; gene_source "ensembl"; gene_biotype "protein_coding"; transcript_name "Myh7b-201"; transcript_source "ensembl"; transcript_biotype "protein_coding"; protein_id "ENSRNOP00000025859"; protein_version "4";
Warning: invalid end coordinate at line:
3	ensembl exon	151138154	151138333	.	+	.	gene_id "ENSRNOG00000018997"; gene_version "5"; transcript_id "ENSRNOT00000025859_exonskipped"; transcript_version "4"; exon_number "15"; gene_name "Myh7b_exonskipped"; gene_source "ensembl"; gene_biotype "protein_coding"; transcript_name "Myh7b-201"; transcript_source "ensembl"; transcript_biotype "protein_coding"; exon_id "ENSRNOE00000184339"; exon_version "1";
Warning: invalid end coordinate at line:
3	ensembl CDS	151138154	151138333	.	+	0	gene_id "ENSRNOG00000018997"; gene_version "5"; transcript_id "ENSRNOT00000025859_exonskipped"; transcript_version "4"; exon_number "15"; gene_name "Myh7b_exonskipped"; gene_source "ensembl"; gene_biotype "protein_coding"; transcript_name "Myh7b-201"; transcript_source "ensembl"; transcript_biotype "protein_coding"; protein_id "ENSRNOP00000025859"; protein_version "4";
Warning: invalid end coordinate at line:
3	ensembl exon	151138420	151138552	.	+	.	gene_id "ENSRNOG00000018997"; gene_version "5"; transcript_id "ENSRNOT00000025859_exonskipped"; transcript_version "4"; exon_number "16"; gene_name "Myh7b_exonskipped"; gene_source "ensembl"; gene_biotype "protein_coding"; transcript_name "Myh7b-201"; transcript_source "ensembl"; transcript_biotype "protein_coding"; exon_id "ENSRNOE00000356938"; exon_version "1";
Warning: invalid end coordinate at line:
3	ensembl CDS	151138420	151138552	.	+	0	gene_id "ENSRNOG00000018997"; gene_version "5"; transcript_id "ENSRNOT00000025859_exonskipped"; transcript_version "4"; exon_number "16"; gene_name "Myh7b_exonskipped"; gene_source "ensembl"; gene_biotype "protein_coding"; transcript_name "Myh7b-201"; transcript_source "ensembl"; transcript_biotype "protein_coding"; protein_id "ENSRNOP00000025859"; protein_version "4";
Warning: invalid end coordinate at line:
3	ensembl exon	151138639	151138715	.	+	.	gene_id "ENSRNOG00000018997"; gene_version "5"; transcript_id "ENSRNOT00000025859_exonskipped"; transcript_version "4"; exon_number "17"; gene_name "Myh7b_exonskipped"; gene_source "ensembl"; gene_biotype "protein_coding"; transcript_name "Myh7b-201"; transcript_source "ensembl"; transcript_biotype "protein_coding"; exon_id "ENSRNOE00000184421"; exon_version "1";
Warning: invalid end coordinate at line:
3	ensembl CDS	151138639	151138715	.	+	2	gene_id "ENSRNOG00000018997"; gene_version "5"; transcript_id "ENSRNOT00000025859_exonskipped"; transcript_version "4"; exon_number "17"; gene_name "Myh7b_exonskipped"; gene_source "ensembl"; gene_biotype "protein_coding"; transcript_name "Myh7b-201"; transcript_source "ensembl"; transcript_biotype "protein_coding"; protein_id "ENSRNOP00000025859"; protein_version "4";
Warning: invalid end coordinate at line:
3	ensembl exon	151139146	151139233	.	+	.	gene_id "ENSRNOG00000018997"; gene_version "5"; transcript_id "ENSRNOT00000025859_exonskipped"; transcript_version "4"; exon_number "18"; gene_name "Myh7b_exonskipped"; gene_source "ensembl"; gene_biotype "protein_coding"; transcript_name "Myh7b-201"; transcript_source "ensembl"; transcript_biotype "protein_coding"; exon_id "ENSRNOE00000184461"; exon_version "1";
Warning: invalid end coordinate at line:
3	ensembl CDS	151139146	151139233	.	+	0	gene_id "ENSRNOG00000018997"; gene_version "5"; transcript_id "ENSRNOT00000025859_exonskipped"; transcript_version "4"; exon_number "18"; gene_name "Myh7b_exonskipped"; gene_source "ensembl"; gene_biotype "protein_coding"; transcript_name "Myh7b-201"; transcript_source "ensembl"; transcript_biotype "protein_coding"; protein_id "ENSRNOP00000025859"; protein_version "4";
Warning: invalid end coordinate at line:
3	ensembl exon	151139388	151139505	.	+	.	gene_id "ENSRNOG00000018997"; gene_version "5"; transcript_id "ENSRNOT00000025859_exonskipped"; transcript_version "4"; exon_number "19"; gene_name "Myh7b_exonskipped"; gene_source "ensembl"; gene_biotype "protein_coding"; transcript_name "Myh7b-201"; transcript_source "ensembl"; transcript_biotype "protein_coding"; exon_id "ENSRNOE00000184502"; exon_version "1";
Warning: invalid end coordinate at line:
3	ensembl CDS	151139388	151139505	.	+	2	gene_id "ENSRNOG00000018997"; gene_version "5"; transcript_id "ENSRNOT00000025859_exonskipped"; transcript_version "4"; exon_number "19"; gene_name "Myh7b_exonskipped"; gene_source "ensembl"; gene_biotype "protein_coding"; transcript_name "Myh7b-201"; transcript_source "ensembl"; transcript_biotype "protein_coding"; protein_id "ENSRNOP00000025859"; protein_version "4";
Warning: invalid end coordinate at line:
3	ensembl exon	151141766	151141889	.	+	.	gene_id "ENSRNOG00000018997"; gene_version "5"; transcript_id "ENSRNOT00000025859_exonskipped"; transcript_version "4"; exon_number "20"; gene_name "Myh7b_exonskipped"; gene_source "ensembl"; gene_biotype "protein_coding"; transcript_name "Myh7b-201"; transcript_source "ensembl"; transcript_biotype "protein_coding"; exon_id "ENSRNOE00000184539"; exon_version "1";
Warning: invalid end coordinate at line:
3	ensembl CDS	151141766	151141889	.	+	1	gene_id "ENSRNOG00000018997"; gene_version "5"; transcript_id "ENSRNOT00000025859_exonskipped"; transcript_version "4"; exon_number "20"; gene_name "Myh7b_exonskipped"; gene_source "ensembl"; gene_biotype "protein_coding"; transcript_name "Myh7b-201"; transcript_source "ensembl"; transcript_biotype "protein_coding"; protein_id "ENSRNOP00000025859"; protein_version "4";
Warning: invalid end coordinate at line:
3	ensembl exon	151141977	151142113	.	+	.	gene_id "ENSRNOG00000018997"; gene_version "5"; transcript_id "ENSRNOT00000025859_exonskipped"; transcript_version "4"; exon_number "21"; gene_name "Myh7b_exonskipped"; gene_source "ensembl"; gene_biotype "protein_coding"; transcript_name "Myh7b-201"; transcript_source "ensembl"; transcript_biotype "protein_coding"; exon_id "ENSRNOE00000184575"; exon_version "1";
Warning: invalid end coordinate at line:
3	ensembl CDS	151141977	151142113	.	+	0	gene_id "ENSRNOG00000018997"; gene_version "5"; transcript_id "ENSRNOT00000025859_exonskipped"; transcript_version "4"; exon_number "21"; gene_name "Myh7b_exonskipped"; gene_source "ensembl"; gene_biotype "protein_coding"; transcript_name "Myh7b-201"; transcript_source "ensembl"; transcript_biotype "protein_coding"; protein_id "ENSRNOP00000025859"; protein_version "4";
Warning: invalid end coordinate at line:
3	ensembl exon	151142836	151143091	.	+	.	gene_id "ENSRNOG00000018997"; gene_version "5"; transcript_id "ENSRNOT00000025859_exonskipped"; transcript_version "4"; exon_number "22"; gene_name "Myh7b_exonskipped"; gene_source "ensembl"; gene_biotype "protein_coding"; transcript_name "Myh7b-201"; transcript_source "ensembl"; transcript_biotype "protein_coding"; exon_id "ENSRNOE00000184607"; exon_version "1";
Warning: invalid end coordinate at line:
3	ensembl CDS	151142836	151143091	.	+	1	gene_id "ENSRNOG00000018997"; gene_version "5"; transcript_id "ENSRNOT00000025859_exonskipped"; transcript_version "4"; exon_number "22"; gene_name "Myh7b_exonskipped"; gene_source "ensembl"; gene_biotype "protein_coding"; transcript_name "Myh7b-201"; transcript_source "ensembl"; transcript_biotype "protein_coding"; protein_id "ENSRNOP00000025859"; protein_version "4";
Warning: invalid end coordinate at line:
3	ensembl exon	151143825	151144067	.	+	.	gene_id "ENSRNOG00000018997"; gene_version "5"; transcript_id "ENSRNOT00000025859_exonskipped"; transcript_version "4"; exon_number "23"; gene_name "Myh7b_exonskipped"; gene_source "ensembl"; gene_biotype "protein_coding"; transcript_name "Myh7b-201"; transcript_source "ensembl"; transcript_biotype "protein_coding"; exon_id "ENSRNOE00000184647"; exon_version "1";
Warning: invalid end coordinate at line:
3	ensembl CDS	151143825	151144067	.	+	0	gene_id "ENSRNOG00000018997"; gene_version "5"; transcript_id "ENSRNOT00000025859_exonskipped"; transcript_version "4"; exon_number "23"; gene_name "Myh7b_exonskipped"; gene_source "ensembl"; gene_biotype "protein_coding"; transcript_name "Myh7b-201"; transcript_source "ensembl"; transcript_biotype "protein_coding"; protein_id "ENSRNOP00000025859"; protein_version "4";
Warning: invalid end coordinate at line:
3	ensembl exon	151144746	151144922	.	+	.	gene_id "ENSRNOG00000018997"; gene_version "5"; transcript_id "ENSRNOT00000025859_exonskipped"; transcript_version "4"; exon_number "24"; gene_name "Myh7b_exonskipped"; gene_source "ensembl"; gene_biotype "protein_coding"; transcript_name "Myh7b-201"; transcript_source "ensembl"; transcript_biotype "protein_coding"; exon_id "ENSRNOE00000184702"; exon_version "1";
Warning: invalid end coordinate at line:
3	ensembl CDS	151144746	151144922	.	+	0	gene_id "ENSRNOG00000018997"; gene_version "5"; transcript_id "ENSRNOT00000025859_exonskipped"; transcript_version "4"; exon_number "24"; gene_name "Myh7b_exonskipped"; gene_source "ensembl"; gene_biotype "protein_coding"; transcript_name "Myh7b-201"; transcript_source "ensembl"; transcript_biotype "protein_coding"; protein_id "ENSRNOP00000025859"; protein_version "4";
Warning: invalid end coordinate at line:
3	ensembl exon	151145005	151145150	.	+	.	gene_id "ENSRNOG00000018997"; gene_version "5"; transcript_id "ENSRNOT00000025859_exonskipped"; transcript_version "4"; exon_number "25"; gene_name "Myh7b_exonskipped"; gene_source "ensembl"; gene_biotype "protein_coding"; transcript_name "Myh7b-201"; transcript_source "ensembl"; transcript_biotype "protein_coding"; exon_id "ENSRNOE00000184756"; exon_version "1";
Warning: invalid end coordinate at line:
3	ensembl CDS	151145005	151145150	.	+	0	gene_id "ENSRNOG00000018997"; gene_version "5"; transcript_id "ENSRNOT00000025859_exonskipped"; transcript_version "4"; exon_number "25"; gene_name "Myh7b_exonskipped"; gene_source "ensembl"; gene_biotype "protein_coding"; transcript_name "Myh7b-201"; transcript_source "ensembl"; transcript_biotype "protein_coding"; protein_id "ENSRNOP00000025859"; protein_version "4";
Warning: invalid end coordinate at line:
3	ensembl exon	151145346	151145436	.	+	.	gene_id "ENSRNOG00000018997"; gene_version "5"; transcript_id "ENSRNOT00000025859_exonskipped"; transcript_version "4"; exon_number "26"; gene_name "Myh7b_exonskipped"; gene_source "ensembl"; gene_biotype "protein_coding"; transcript_name "Myh7b-201"; transcript_source "ensembl"; transcript_biotype "protein_coding"; exon_id "ENSRNOE00000184808"; exon_version "1";
Warning: invalid end coordinate at line:
3	ensembl CDS	151145346	151145436	.	+	1	gene_id "ENSRNOG00000018997"; gene_version "5"; transcript_id "ENSRNOT00000025859_exonskipped"; transcript_version "4"; exon_number "26"; gene_name "Myh7b_exonskipped"; gene_source "ensembl"; gene_biotype "protein_coding"; transcript_name "Myh7b-201"; transcript_source "ensembl"; transcript_biotype "protein_coding"; protein_id "ENSRNOP00000025859"; protein_version "4";
Warning: invalid end coordinate at line:
3	ensembl exon	151145518	151145907	.	+	.	gene_id "ENSRNOG00000018997"; gene_version "5"; transcript_id "ENSRNOT00000025859_exonskipped"; transcript_version "4"; exon_number "27"; gene_name "Myh7b_exonskipped"; gene_source "ensembl"; gene_biotype "protein_coding"; transcript_name "Myh7b-201"; transcript_source "ensembl"; transcript_biotype "protein_coding"; exon_id "ENSRNOE00000184840"; exon_version "1";
Warning: invalid end coordinate at line:
3	ensembl CDS	151145518	151145907	.	+	0	gene_id "ENSRNOG00000018997"; gene_version "5"; transcript_id "ENSRNOT00000025859_exonskipped"; transcript_version "4"; exon_number "27"; gene_name "Myh7b_exonskipped"; gene_source "ensembl"; gene_biotype "protein_coding"; transcript_name "Myh7b-201"; transcript_source "ensembl"; transcript_biotype "protein_coding"; protein_id "ENSRNOP00000025859"; protein_version "4";
Warning: invalid end coordinate at line:
3	ensembl exon	151146471	151146597	.	+	.	gene_id "ENSRNOG00000018997"; gene_version "5"; transcript_id "ENSRNOT00000025859_exonskipped"; transcript_version "4"; exon_number "28"; gene_name "Myh7b_exonskipped"; gene_source "ensembl"; gene_biotype "protein_coding"; transcript_name "Myh7b-201"; transcript_source "ensembl"; transcript_biotype "protein_coding"; exon_id "ENSRNOE00000184863"; exon_version "1";
Warning: invalid end coordinate at line:
3	ensembl CDS	151146471	151146597	.	+	0	gene_id "ENSRNOG00000018997"; gene_version "5"; transcript_id "ENSRNOT00000025859_exonskipped"; transcript_version "4"; exon_number "28"; gene_name "Myh7b_exonskipped"; gene_source "ensembl"; gene_biotype "protein_coding"; transcript_name "Myh7b-201"; transcript_source "ensembl"; transcript_biotype "protein_coding"; protein_id "ENSRNOP00000025859"; protein_version "4";
Warning: invalid end coordinate at line:
3	ensembl exon	151146689	151146807	.	+	.	gene_id "ENSRNOG00000018997"; gene_version "5"; transcript_id "ENSRNOT00000025859_exonskipped"; transcript_version "4"; exon_number "29"; gene_name "Myh7b_exonskipped"; gene_source "ensembl"; gene_biotype "protein_coding"; transcript_name "Myh7b-201"; transcript_source "ensembl"; transcript_biotype "protein_coding"; exon_id "ENSRNOE00000184876"; exon_version "1";
Warning: invalid end coordinate at line:
3	ensembl CDS	151146689	151146807	.	+	2	gene_id "ENSRNOG00000018997"; gene_version "5"; transcript_id "ENSRNOT00000025859_exonskipped"; transcript_version "4"; exon_number "29"; gene_name "Myh7b_exonskipped"; gene_source "ensembl"; gene_biotype "protein_coding"; transcript_name "Myh7b-201"; transcript_source "ensembl"; transcript_biotype "protein_coding"; protein_id "ENSRNOP00000025859"; protein_version "4";
Warning: invalid end coordinate at line:
3	ensembl exon	151146900	151147096	.	+	.	gene_id "ENSRNOG00000018997"; gene_version "5"; transcript_id "ENSRNOT00000025859_exonskipped"; transcript_version "4"; exon_number "30"; gene_name "Myh7b_exonskipped"; gene_source "ensembl"; gene_biotype "protein_coding"; transcript_name "Myh7b-201"; transcript_source "ensembl"; transcript_biotype "protein_coding"; exon_id "ENSRNOE00000184888"; exon_version "1";
Warning: invalid end coordinate at line:
3	ensembl CDS	151146900	151147096	.	+	0	gene_id "ENSRNOG00000018997"; gene_version "5"; transcript_id "ENSRNOT00000025859_exonskipped"; transcript_version "4"; exon_number "30"; gene_name "Myh7b_exonskipped"; gene_source "ensembl"; gene_biotype "protein_coding"; transcript_name "Myh7b-201"; transcript_source "ensembl"; transcript_biotype "protein_coding"; protein_id "ENSRNOP00000025859"; protein_version "4";
Warning: invalid end coordinate at line:
3	ensembl exon	151147241	151147590	.	+	.	gene_id "ENSRNOG00000018997"; gene_version "5"; transcript_id "ENSRNOT00000025859_exonskipped"; transcript_version "4"; exon_number "31"; gene_name "Myh7b_exonskipped"; gene_source "ensembl"; gene_biotype "protein_coding"; transcript_name "Myh7b-201"; transcript_source "ensembl"; transcript_biotype "protein_coding"; exon_id "ENSRNOE00000184903"; exon_version "1";
Warning: invalid end coordinate at line:
3	ensembl CDS	151147241	151147590	.	+	1	gene_id "ENSRNOG00000018997"; gene_version "5"; transcript_id "ENSRNOT00000025859_exonskipped"; transcript_version "4"; exon_number "31"; gene_name "Myh7b_exonskipped"; gene_source "ensembl"; gene_biotype "protein_coding"; transcript_name "Myh7b-201"; transcript_source "ensembl"; transcript_biotype "protein_coding"; protein_id "ENSRNOP00000025859"; protein_version "4";
Warning: invalid end coordinate at line:
3	ensembl exon	151147703	151147827	.	+	.	gene_id "ENSRNOG00000018997"; gene_version "5"; transcript_id "ENSRNOT00000025859_exonskipped"; transcript_version "4"; exon_number "32"; gene_name "Myh7b_exonskipped"; gene_source "ensembl"; gene_biotype "protein_coding"; transcript_name "Myh7b-201"; transcript_source "ensembl"; transcript_biotype "protein_coding"; exon_id "ENSRNOE00000184930"; exon_version "1";
Warning: invalid end coordinate at line:
3	ensembl CDS	151147703	151147827	.	+	2	gene_id "ENSRNOG00000018997"; gene_version "5"; transcript_id "ENSRNOT00000025859_exonskipped"; transcript_version "4"; exon_number "32"; gene_name "Myh7b_exonskipped"; gene_source "ensembl"; gene_biotype "protein_coding"; transcript_name "Myh7b-201"; transcript_source "ensembl"; transcript_biotype "protein_coding"; protein_id "ENSRNOP00000025859"; protein_version "4";
Warning: invalid end coordinate at line:
3	ensembl exon	151147944	151148059	.	+	.	gene_id "ENSRNOG00000018997"; gene_version "5"; transcript_id "ENSRNOT00000025859_exonskipped"; transcript_version "4"; exon_number "33"; gene_name "Myh7b_exonskipped"; gene_source "ensembl"; gene_biotype "protein_coding"; transcript_name "Myh7b-201"; transcript_source "ensembl"; transcript_biotype "protein_coding"; exon_id "ENSRNOE00000184987"; exon_version "1";
Warning: invalid end coordinate at line:
3	ensembl CDS	151147944	151148059	.	+	0	gene_id "ENSRNOG00000018997"; gene_version "5"; transcript_id "ENSRNOT00000025859_exonskipped"; transcript_version "4"; exon_number "33"; gene_name "Myh7b_exonskipped"; gene_source "ensembl"; gene_biotype "protein_coding"; transcript_name "Myh7b-201"; transcript_source "ensembl"; transcript_biotype "protein_coding"; protein_id "ENSRNOP00000025859"; protein_version "4";
Warning: invalid end coordinate at line:
3	ensembl exon	151148357	151148753	.	+	.	gene_id "ENSRNOG00000018997"; gene_version "5"; transcript_id "ENSRNOT00000025859_exonskipped"; transcript_version "4"; exon_number "34"; gene_name "Myh7b_exonskipped"; gene_source "ensembl"; gene_biotype "protein_coding"; transcript_name "Myh7b-201"; transcript_source "ensembl"; transcript_biotype "protein_coding"; exon_id "ENSRNOE00000185057"; exon_version "1";
Warning: invalid end coordinate at line:
3	ensembl CDS	151148357	151148753	.	+	1	gene_id "ENSRNOG00000018997"; gene_version "5"; transcript_id "ENSRNOT00000025859_exonskipped"; transcript_version "4"; exon_number "34"; gene_name "Myh7b_exonskipped"; gene_source "ensembl"; gene_biotype "protein_coding"; transcript_name "Myh7b-201"; transcript_source "ensembl"; transcript_biotype "protein_coding"; protein_id "ENSRNOP00000025859"; protein_version "4";
Warning: invalid end coordinate at line:
3	ensembl exon	151148836	151148961	.	+	.	gene_id "ENSRNOG00000018997"; gene_version "5"; transcript_id "ENSRNOT00000025859_exonskipped"; transcript_version "4"; exon_number "35"; gene_name "Myh7b_exonskipped"; gene_source "ensembl"; gene_biotype "protein_coding"; transcript_name "Myh7b-201"; transcript_source "ensembl"; transcript_biotype "protein_coding"; exon_id "ENSRNOE00000355768"; exon_version "1";
Warning: invalid end coordinate at line:
3	ensembl CDS	151148836	151148961	.	+	0	gene_id "ENSRNOG00000018997"; gene_version "5"; transcript_id "ENSRNOT00000025859_exonskipped"; transcript_version "4"; exon_number "35"; gene_name "Myh7b_exonskipped"; gene_source "ensembl"; gene_biotype "protein_coding"; transcript_name "Myh7b-201"; transcript_source "ensembl"; transcript_biotype "protein_coding"; protein_id "ENSRNOP00000025859"; protein_version "4";
Warning: invalid end coordinate at line:
3	ensembl exon	151149045	151149215	.	+	.	gene_id "ENSRNOG00000018997"; gene_version "5"; transcript_id "ENSRNOT00000025859_exonskipped"; transcript_version "4"; exon_number "36"; gene_name "Myh7b_exonskipped"; gene_source "ensembl"; gene_biotype "protein_coding"; transcript_name "Myh7b-201"; transcript_source "ensembl"; transcript_biotype "protein_coding"; exon_id "ENSRNOE00000185175"; exon_version "2";
Warning: invalid end coordinate at line:
3	ensembl CDS	151149045	151149215	.	+	0	gene_id "ENSRNOG00000018997"; gene_version "5"; transcript_id "ENSRNOT00000025859_exonskipped"; transcript_version "4"; exon_number "36"; gene_name "Myh7b_exonskipped"; gene_source "ensembl"; gene_biotype "protein_coding"; transcript_name "Myh7b-201"; transcript_source "ensembl"; transcript_biotype "protein_coding"; protein_id "ENSRNOP00000025859"; protein_version "4";
Warning: invalid end coordinate at line:
3	ensembl exon	151149301	151149405	.	+	.	gene_id "ENSRNOG00000018997"; gene_version "5"; transcript_id "ENSRNOT00000025859_exonskipped"; transcript_version "4"; exon_number "37"; gene_name "Myh7b_exonskipped"; gene_source "ensembl"; gene_biotype "protein_coding"; transcript_name "Myh7b-201"; transcript_source "ensembl"; transcript_biotype "protein_coding"; exon_id "ENSRNOE00000185231"; exon_version "1";
Warning: invalid end coordinate at line:
3	ensembl CDS	151149301	151149405	.	+	0	gene_id "ENSRNOG00000018997"; gene_version "5"; transcript_id "ENSRNOT00000025859_exonskipped"; transcript_version "4"; exon_number "37"; gene_name "Myh7b_exonskipped"; gene_source "ensembl"; gene_biotype "protein_coding"; transcript_name "Myh7b-201"; transcript_source "ensembl"; transcript_biotype "protein_coding"; protein_id "ENSRNOP00000025859"; protein_version "4";
Warning: invalid end coordinate at line:
3	ensembl exon	151149488	151149583	.	+	.	gene_id "ENSRNOG00000018997"; gene_version "5"; transcript_id "ENSRNOT00000025859_exonskipped"; transcript_version "4"; exon_number "38"; gene_name "Myh7b_exonskipped"; gene_source "ensembl"; gene_biotype "protein_coding"; transcript_name "Myh7b-201"; transcript_source "ensembl"; transcript_biotype "protein_coding"; exon_id "ENSRNOE00000332204"; exon_version "1";
Warning: invalid end coordinate at line:
3	ensembl CDS	151149488	151149583	.	+	0	gene_id "ENSRNOG00000018997"; gene_version "5"; transcript_id "ENSRNOT00000025859_exonskipped"; transcript_version "4"; exon_number "38"; gene_name "Myh7b_exonskipped"; gene_source "ensembl"; gene_biotype "protein_coding"; transcript_name "Myh7b-201"; transcript_source "ensembl"; transcript_biotype "protein_coding"; protein_id "ENSRNOP00000025859"; protein_version "4";
Warning: invalid end coordinate at line:
3	ensembl exon	151149980	151150117	.	+	.	gene_id "ENSRNOG00000018997"; gene_version "5"; transcript_id "ENSRNOT00000025859_exonskipped"; transcript_version "4"; exon_number "39"; gene_name "Myh7b_exonskipped"; gene_source "ensembl"; gene_biotype "protein_coding"; transcript_name "Myh7b-201"; transcript_source "ensembl"; transcript_biotype "protein_coding"; exon_id "ENSRNOE00000349874"; exon_version "1";
Warning: invalid end coordinate at line:
3	ensembl CDS	151149980	151150117	.	+	0	gene_id "ENSRNOG00000018997"; gene_version "5"; transcript_id "ENSRNOT00000025859_exonskipped"; transcript_version "4"; exon_number "39"; gene_name "Myh7b_exonskipped"; gene_source "ensembl"; gene_biotype "protein_coding"; transcript_name "Myh7b-201"; transcript_source "ensembl"; transcript_biotype "protein_coding"; protein_id "ENSRNOP00000025859"; protein_version "4";
Warning: invalid end coordinate at line:
3	ensembl exon	151150197	151150344	.	+	.	gene_id "ENSRNOG00000018997"; gene_version "5"; transcript_id "ENSRNOT00000025859_exonskipped"; transcript_version "4"; exon_number "40"; gene_name "Myh7b_exonskipped"; gene_source "ensembl"; gene_biotype "protein_coding"; transcript_name "Myh7b-201"; transcript_source "ensembl"; transcript_biotype "protein_coding"; exon_id "ENSRNOE00000295652"; exon_version "2";
Warning: invalid end coordinate at line:
3	ensembl CDS	151150197	151150205	.	+	0	gene_id "ENSRNOG00000018997"; gene_version "5"; transcript_id "ENSRNOT00000025859_exonskipped"; transcript_version "4"; exon_number "40"; gene_name "Myh7b_exonskipped"; gene_source "ensembl"; gene_biotype "protein_coding"; transcript_name "Myh7b-201"; transcript_source "ensembl"; transcript_biotype "protein_coding"; protein_id "ENSRNOP00000025859"; protein_version "4";
Warning: invalid end coordinate at line:
3	ensembl stop_codon	151150206	151150208	.	+	0	gene_id "ENSRNOG00000018997"; gene_version "5"; transcript_id "ENSRNOT00000025859_exonskipped"; transcript_version "4"; exon_number "40"; gene_name "Myh7b_exonskipped"; gene_source "ensembl"; gene_biotype "protein_coding"; transcript_name "Myh7b-201"; transcript_source "ensembl"; transcript_biotype "protein_coding";
Warning: invalid end coordinate at line:
3	ensembl five_prime_utr	151126591	151126725	.	+	.	gene_id "ENSRNOG00000018997"; gene_version "5"; transcript_id "ENSRNOT00000025859_exonskipped"; transcript_version "4"; gene_name "Myh7b_exonskipped"; gene_source "ensembl"; gene_biotype "protein_coding"; transcript_name "Myh7b-201"; transcript_source "ensembl"; transcript_biotype "protein_coding";
